<?xml version="1.0" encoding="UTF-8"?>
<!-- Generated by org.testng.reporters.JUnitXMLReporter -->
<testsuite hostname="Kaydins-MacBook-Pro.local" ignored="0" name="Test" tests="1" failures="1" timestamp="15 Apr 2019 03:58:56 GMT" time="0.099" errors="0">
  <testcase name="fue" time="0.075" classname="SeleniumTest.Automation.test2">
    <failure type="java.lang.IllegalStateException" message="The driver is not executable: /Users/kaydinnguyen/git/Automation/src/main/java/resources/chromedriver">
      <![CDATA[java.lang.IllegalStateException: The driver is not executable: /Users/kaydinnguyen/git/Automation/src/main/java/resources/chromedriver
at com.google.common.base.Preconditions.checkState(Preconditions.java:585)
at org.openqa.selenium.remote.service.DriverService.checkExecutable(DriverService.java:150)
at org.openqa.selenium.remote.service.DriverService.findExecutable(DriverService.java:141)
at org.openqa.selenium.chrome.ChromeDriverService.access$000(ChromeDriverService.java:35)
at org.openqa.selenium.chrome.ChromeDriverService$Builder.findDefaultExecutable(ChromeDriverService.java:159)
at org.openqa.selenium.remote.service.DriverService$Builder.build(DriverService.java:355)
at org.openqa.selenium.chrome.ChromeDriverService.createDefaultService(ChromeDriverService.java:94)
at org.openqa.selenium.chrome.ChromeDriver.<init>(ChromeDriver.java:123)
at resources.base.InitializeDriver(base.java:35)
at resources.base.startBrowser(base.java:44)
at SeleniumTest.Automation.test2.fue(test2.java:18)
... Removed 25 stack frames]]>
    </failure>
  </testcase> <!-- fue -->
</testsuite> <!-- Test -->
