<?xml version="1.0" encoding="UTF-8"?>
<testng-results skipped="0" failed="0" ignored="0" total="1" passed="1">
  <reporter-output>
  </reporter-output>
  <suite name="Default suite" duration-ms="14260" started-at="2019-04-15T14:18:51Z" finished-at="2019-04-15T14:19:05Z">
    <groups>
    </groups>
    <test name="Default test" duration-ms="14260" started-at="2019-04-15T14:18:51Z" finished-at="2019-04-15T14:19:05Z">
      <class name="SeleniumTest.Automation.test2">
        <test-method status="PASS" signature="fue()[pri:0, instance:SeleniumTest.Automation.test2@63753b6d]" name="fue" duration-ms="14231" started-at="2019-04-15T14:18:51Z" finished-at="2019-04-15T14:19:05Z">
          <reporter-output>
          </reporter-output>
        </test-method> <!-- fue -->
      </class> <!-- SeleniumTest.Automation.test2 -->
    </test> <!-- Default test -->
  </suite> <!-- Default suite -->
</testng-results>
